<?xml version="1.0" encoding="UTF-8"?>
<!-- Generated by org.testng.reporters.JUnitXMLReporter -->
<testsuite ignored="0" hostname="LAPTOP-BU5UP52J" failures="1" tests="2" name="Test" time="21.198" errors="0" timestamp="2023-03-28T21:06:49 IST">
  <testcase classname="com.ImpactChain.org.testcases.LoginPageTest" name="verifyLogin" time="7.831"/>
  <testcase classname="com.ImpactChain.org.testcases.LoginPageTest2" name="verifyLogin" time="7.453">
    <failure type="java.lang.AssertionError" message="expected [Sign In1] but found [Sign In]">
      <![CDATA[java.lang.AssertionError: expected [Sign In1] but found [Sign In]
at com.ImpactChain.org.utils.FunctionLibraryESG.verify(FunctionLibraryESG.java:98)
at com.ImpactChain.org.pageclass.LoginPage.verifyLoginText2(LoginPage.java:72)
at com.ImpactChain.org.testcases.LoginPageTest2.verifyLogin(LoginPageTest2.java:67)
at java.base/java.util.ArrayList.forEach(ArrayList.java:1511)
... Removed 32 stack frames]]>
    </failure>
  </testcase> <!-- verifyLogin -->
</testsuite> <!-- Test -->
